<?xml version="1.0" encoding="UTF-8"?>
<robot generator="Robot 6.1.1 (Python 3.11.4 on darwin)" generated="20231214 21:57:22.823" rpa="false" schemaversion="4">
<suite id="s1" name="Justanothertestframework" source="/Users/gheeno/Documents/justanothertestframework">
<suite id="s1-s1" name="Src" source="/Users/gheeno/Documents/justanothertestframework/src">
<suite id="s1-s1-s1" name="Robot" source="/Users/gheeno/Documents/justanothertestframework/src/robot">
<suite id="s1-s1-s1-s1" name="Test Pythonpage" source="/Users/gheeno/Documents/justanothertestframework/src/robot/test_pythonpage.robot">
<test id="s1-s1-s1-s1-t1" name="My Test" line="8">
<kw name="Run Test">
<kw name="Robot Sampletest" library="test_python_page">
<status status="PASS" starttime="20231214 21:57:22.869" endtime="20231214 21:57:24.911"/>
</kw>
<status status="PASS" starttime="20231214 21:57:22.869" endtime="20231214 21:57:24.911"/>
</kw>
<doc>Example test.</doc>
<status status="PASS" starttime="20231214 21:57:22.868" endtime="20231214 21:57:24.911"/>
</test>
<test id="s1-s1-s1-s1-t2" name="Another Test" line="12">
<kw name="Should Be Equal" library="BuiltIn">
<arg>${MESSAGE}</arg>
<arg>Hello, world!</arg>
<doc>Fails if the given objects are unequal.</doc>
<status status="PASS" starttime="20231214 21:57:24.912" endtime="20231214 21:57:24.913"/>
</kw>
<status status="PASS" starttime="20231214 21:57:24.912" endtime="20231214 21:57:24.913"/>
</test>
<status status="PASS" starttime="20231214 21:57:22.838" endtime="20231214 21:57:24.913"/>
</suite>
<status status="PASS" starttime="20231214 21:57:22.837" endtime="20231214 21:57:24.914"/>
</suite>
<status status="PASS" starttime="20231214 21:57:22.836" endtime="20231214 21:57:24.915"/>
</suite>
<status status="PASS" starttime="20231214 21:57:22.826" endtime="20231214 21:57:24.916"/>
</suite>
<statistics>
<total>
<stat pass="2" fail="0" skip="0">All Tests</stat>
</total>
<tag>
</tag>
<suite>
<stat pass="2" fail="0" skip="0" id="s1" name="Justanothertestframework">Justanothertestframework</stat>
<stat pass="2" fail="0" skip="0" id="s1-s1" name="Src">Justanothertestframework.Src</stat>
<stat pass="2" fail="0" skip="0" id="s1-s1-s1" name="Robot">Justanothertestframework.Src.Robot</stat>
<stat pass="2" fail="0" skip="0" id="s1-s1-s1-s1" name="Test Pythonpage">Justanothertestframework.Src.Robot.Test Pythonpage</stat>
</suite>
</statistics>
<errors>
</errors>
</robot>
